<?xml version="1.0" encoding="UTF-8"?>
<robot generator="Robot 5.0.1 (Python 3.9.13 on win32)" generated="20230612 19:30:52.755" rpa="true" schemaversion="3">
<suite id="s1" name="Day06Examplecalc" source="C:\Users\LEJ\Documents\Robots\day06examplecalc">
<suite id="s1-s1" name="Id-Based" source="C:\Users\LEJ\Documents\Robots\day06examplecalc\id-based.robot">
<test id="s1-s1-t1" name="Run Example" line="8">
<kw name="Calculate using app ids">
<kw name="Open the Calculator">
<kw name="Windows Search" library="RPA.Windows">
<arg>Calculator</arg>
<tag>window</tag>
<doc>Use Windows search window to launch application.</doc>
<msg timestamp="20230612 19:30:53.663" level="INFO">Sending keys '{Win}' to element &lt;module 'uiautomation' from 'c:\\ProgramData\\robocorp\\ht\\9f11470_25deba5_6eff540d\\lib\\site-packages\\uiautomation\\__init__.py'&gt;</msg>
<msg timestamp="20230612 19:30:54.213" level="INFO">Sending keys 'Calculator' to element &lt;module 'uiautomation' from 'c:\\ProgramData\\robocorp\\ht\\9f11470_25deba5_6eff540d\\lib\\site-packages\\uiautomation\\__init__.py'&gt;</msg>
<msg timestamp="20230612 19:30:54.869" level="INFO">Sending keys '{Enter}' to element &lt;module 'uiautomation' from 'c:\\ProgramData\\robocorp\\ht\\9f11470_25deba5_6eff540d\\lib\\site-packages\\uiautomation\\__init__.py'&gt;</msg>
<status status="PASS" starttime="20230612 19:30:53.663" endtime="20230612 19:30:58.407"/>
</kw>
<status status="PASS" starttime="20230612 19:30:53.663" endtime="20230612 19:30:58.407"/>
</kw>
<kw name="Add two numbers using app ids">
<arg>8</arg>
<arg>7</arg>
<kw name="Click" library="RPA.Windows">
<arg>id:clearEntryButton</arg>
<tag>action</tag>
<tag>mouse</tag>
<doc>Mouse click on element matching given locator.</doc>
<msg timestamp="20230612 19:30:58.412" level="INFO">Getting element with locator: id:clearEntryButton</msg>
<msg timestamp="20230612 19:30:58.537" level="INFO">Resulted root element: WindowsElement(item=&lt;uiautomation.uiautomation.PaneControl object at 0x00000209212FF1F0&gt;, locator=None, name='데스크톱 1', automation_id='', control_type='PaneControl', class_name='#32769', left=0, right=1920, top=0, bottom=1080, width=1920, height=1080, xcenter=960, ycenter=540)</msg>
<msg timestamp="20230612 19:30:58.537" level="INFO">Locator 'id:clearEntryButton' produced matcher: MatchObject(locators=[('AutomationId', 'clearEntryButton', 0)], _classes=set(), max_level=0)</msg>
<msg timestamp="20230612 19:30:58.657" level="INFO">Returning element: WindowsElement(item=&lt;uiautomation.uiautomation.ButtonControl object at 0x0000020930BE49D0&gt;, locator='id:clearEntryButton', name='입력 지우기', automation_id='clearEntryButton', control_type='ButtonControl', class_name='Button', left=727, right=803, top=-530, bottom=-479, width=76, height=51, xcenter=765, ycenter=-505)</msg>
<status status="PASS" starttime="20230612 19:30:58.409" endtime="20230612 19:30:59.230"/>
</kw>
<kw name="Click" library="RPA.Windows">
<arg>id:num${first}Button</arg>
<tag>action</tag>
<tag>mouse</tag>
<doc>Mouse click on element matching given locator.</doc>
<msg timestamp="20230612 19:30:59.231" level="INFO">Getting element with locator: id:num8Button</msg>
<msg timestamp="20230612 19:30:59.234" level="INFO">Resulted root element: WindowsElement(item=&lt;uiautomation.uiautomation.PaneControl object at 0x0000020930981CD0&gt;, locator=None, name='데스크톱 1', automation_id='', control_type='PaneControl', class_name='#32769', left=0, right=1920, top=0, bottom=1080, width=1920, height=1080, xcenter=960, ycenter=540)</msg>
<msg timestamp="20230612 19:30:59.234" level="INFO">Locator 'id:num8Button' produced matcher: MatchObject(locators=[('AutomationId', 'num8Button', 0)], _classes=set(), max_level=0)</msg>
<msg timestamp="20230612 19:30:59.348" level="INFO">Returning element: WindowsElement(item=&lt;uiautomation.uiautomation.ButtonControl object at 0x000002092260B550&gt;, locator='id:num8Button', name='8', automation_id='num8Button', control_type='ButtonControl', class_name='Button', left=727, right=804, top=-424, bottom=-373, width=77, height=51, xcenter=765, ycenter=-399)</msg>
<status status="PASS" starttime="20230612 19:30:59.230" endtime="20230612 19:30:59.915"/>
</kw>
<kw name="Click" library="RPA.Windows">
<arg>id:plusButton</arg>
<tag>action</tag>
<tag>mouse</tag>
<doc>Mouse click on element matching given locator.</doc>
<msg timestamp="20230612 19:30:59.917" level="INFO">Getting element with locator: id:plusButton</msg>
<msg timestamp="20230612 19:30:59.919" level="INFO">Resulted root element: WindowsElement(item=&lt;uiautomation.uiautomation.PaneControl object at 0x00000209309815E0&gt;, locator=None, name='데스크톱 1', automation_id='', control_type='PaneControl', class_name='#32769', left=0, right=1920, top=0, bottom=1080, width=1920, height=1080, xcenter=960, ycenter=540)</msg>
<msg timestamp="20230612 19:30:59.919" level="INFO">Locator 'id:plusButton' produced matcher: MatchObject(locators=[('AutomationId', 'plusButton', 0)], _classes=set(), max_level=0)</msg>
<msg timestamp="20230612 19:31:00.027" level="INFO">Returning element: WindowsElement(item=&lt;uiautomation.uiautomation.ButtonControl object at 0x00000209308F8340&gt;, locator='id:plusButton', name='양의 값', automation_id='plusButton', control_type='ButtonControl', class_name='Button', left=884, right=960, top=-318, bottom=-267, width=76, height=51, xcenter=922, ycenter=-293)</msg>
<status status="PASS" starttime="20230612 19:30:59.916" endtime="20230612 19:31:00.583"/>
</kw>
<kw name="Click" library="RPA.Windows">
<arg>id:num${second}Button</arg>
<tag>action</tag>
<tag>mouse</tag>
<doc>Mouse click on element matching given locator.</doc>
<msg timestamp="20230612 19:31:00.585" level="INFO">Getting element with locator: id:num7Button</msg>
<msg timestamp="20230612 19:31:00.586" level="INFO">Resulted root element: WindowsElement(item=&lt;uiautomation.uiautomation.PaneControl object at 0x0000020930981370&gt;, locator=None, name='데스크톱 1', automation_id='', control_type='PaneControl', class_name='#32769', left=0, right=1920, top=0, bottom=1080, width=1920, height=1080, xcenter=960, ycenter=540)</msg>
<msg timestamp="20230612 19:31:00.586" level="INFO">Locator 'id:num7Button' produced matcher: MatchObject(locators=[('AutomationId', 'num7Button', 0)], _classes=set(), max_level=0)</msg>
<msg timestamp="20230612 19:31:00.696" level="INFO">Returning element: WindowsElement(item=&lt;uiautomation.uiautomation.ButtonControl object at 0x0000020930981C10&gt;, locator='id:num7Button', name='7', automation_id='num7Button', control_type='ButtonControl', class_name='Button', left=648, right=725, top=-424, bottom=-373, width=77, height=51, xcenter=686, ycenter=-399)</msg>
<status status="PASS" starttime="20230612 19:31:00.584" endtime="20230612 19:31:01.252"/>
</kw>
<kw name="Click" library="RPA.Windows">
<arg>id:equalButton</arg>
<tag>action</tag>
<tag>mouse</tag>
<doc>Mouse click on element matching given locator.</doc>
<msg timestamp="20230612 19:31:01.255" level="INFO">Getting element with locator: id:equalButton</msg>
<msg timestamp="20230612 19:31:01.258" level="INFO">Resulted root element: WindowsElement(item=&lt;uiautomation.uiautomation.PaneControl object at 0x0000020930981EE0&gt;, locator=None, name='데스크톱 1', automation_id='', control_type='PaneControl', class_name='#32769', left=0, right=1920, top=0, bottom=1080, width=1920, height=1080, xcenter=960, ycenter=540)</msg>
<msg timestamp="20230612 19:31:01.258" level="INFO">Locator 'id:equalButton' produced matcher: MatchObject(locators=[('AutomationId', 'equalButton', 0)], _classes=set(), max_level=0)</msg>
<msg timestamp="20230612 19:31:01.371" level="INFO">Returning element: WindowsElement(item=&lt;uiautomation.uiautomation.ButtonControl object at 0x0000020930981070&gt;, locator='id:equalButton', name='일치', automation_id='equalButton', control_type='ButtonControl', class_name='Button', left=884, right=960, top=-265, bottom=-214, width=76, height=51, xcenter=922, ycenter=-240)</msg>
<status status="PASS" starttime="20230612 19:31:01.254" endtime="20230612 19:31:01.938"/>
</kw>
<status status="PASS" starttime="20230612 19:30:58.408" endtime="20230612 19:31:01.940"/>
</kw>
<kw name="Log results">
<kw name="Get Attribute" library="RPA.Windows">
<var>${result}</var>
<arg>id:CalculatorResults</arg>
<arg>Name</arg>
<doc>Get attribute value of the element defined by the locator.</doc>
<msg timestamp="20230612 19:31:01.942" level="INFO">Getting element with locator: id:CalculatorResults</msg>
<msg timestamp="20230612 19:31:01.943" level="INFO">Resulted root element: WindowsElement(item=&lt;uiautomation.uiautomation.PaneControl object at 0x000002092255B100&gt;, locator=None, name='데스크톱 1', automation_id='', control_type='PaneControl', class_name='#32769', left=0, right=1920, top=0, bottom=1080, width=1920, height=1080, xcenter=960, ycenter=540)</msg>
<msg timestamp="20230612 19:31:01.943" level="INFO">Locator 'id:CalculatorResults' produced matcher: MatchObject(locators=[('AutomationId', 'CalculatorResults', 0)], _classes=set(), max_level=0)</msg>
<msg timestamp="20230612 19:31:02.030" level="INFO">Returning element: WindowsElement(item=&lt;uiautomation.uiautomation.TextControl object at 0x0000020930FF31C0&gt;, locator='id:CalculatorResults', name='표시는 15', automation_id='CalculatorResults', control_type='TextControl', class_name='', left=644, right=964, top=-639, bottom=-564, width=320, height=75, xcenter=804, ycenter=-602)</msg>
<msg timestamp="20230612 19:31:02.032" level="INFO">${result} = 표시는 15</msg>
<status status="PASS" starttime="20230612 19:31:01.941" endtime="20230612 19:31:02.032"/>
</kw>
<kw name="Log" library="BuiltIn">
<arg>${result}</arg>
<doc>Logs the given message with the given level.</doc>
<msg timestamp="20230612 19:31:02.032" level="INFO">표시는 15</msg>
<status status="PASS" starttime="20230612 19:31:02.032" endtime="20230612 19:31:02.032"/>
</kw>
<kw name="Screenshot" library="RPA.Windows">
<arg>계산기</arg>
<arg>id-based-result.png</arg>
<tag>action</tag>
<doc>Take a screenshot of the element defined by the locator.</doc>
<msg timestamp="20230612 19:31:02.033" level="INFO">Getting element with locator: 계산기</msg>
<msg timestamp="20230612 19:31:02.033" level="INFO">Resulted root element: WindowsElement(item=&lt;uiautomation.uiautomation.PaneControl object at 0x0000020930981040&gt;, locator=None, name='데스크톱 1', automation_id='', control_type='PaneControl', class_name='#32769', left=0, right=1920, top=0, bottom=1080, width=1920, height=1080, xcenter=960, ycenter=540)</msg>
<msg timestamp="20230612 19:31:02.033" level="INFO">Locator '계산기' produced matcher: MatchObject(locators=[('Name', '계산기', 0)], _classes=set(), max_level=0)</msg>
<msg timestamp="20230612 19:31:02.106" level="INFO">Returning element: WindowsElement(item=&lt;uiautomation.uiautomation.WindowControl object at 0x000002092255B130&gt;, locator='계산기', name='계산기', automation_id='', control_type='WindowControl', class_name='ApplicationFrameWindow', left=636, right=972, top=-743, bottom=-202, width=336, height=541, xcenter=804, ycenter=-473)</msg>
<status status="PASS" starttime="20230612 19:31:02.032" endtime="20230612 19:31:02.149"/>
</kw>
<status status="PASS" starttime="20230612 19:31:01.940" endtime="20230612 19:31:02.149"/>
</kw>
<status status="PASS" starttime="20230612 19:30:53.663" endtime="20230612 19:31:02.149"/>
</kw>
<kw name="Close Window" library="RPA.Windows" type="TEARDOWN">
<arg>name:계산기</arg>
<tag>window</tag>
<doc>Closes identified windows or logs the problems.</doc>
<msg timestamp="20230612 19:31:02.151" level="INFO">Getting element with locator: name:계산기 and type:WindowControl</msg>
<msg timestamp="20230612 19:31:02.151" level="INFO">Resulted root element: WindowsElement(item=&lt;uiautomation.uiautomation.PaneControl object at 0x0000020930BAB760&gt;, locator='name:계산기', name='데스크톱 1', automation_id='', control_type='PaneControl', class_name='#32769', left=0, right=1920, top=0, bottom=1080, width=1920, height=1080, xcenter=960, ycenter=540)</msg>
<msg timestamp="20230612 19:31:02.151" level="INFO">Locator 'name:계산기 and type:WindowControl' produced matcher: MatchObject(locators=[('Name', '계산기', 0), ('ControlType', 'WindowControl', 0)], _classes=set(), max_level=0)</msg>
<msg timestamp="20230612 19:31:02.223" level="INFO">Returning element: WindowsElement(item=&lt;uiautomation.uiautomation.WindowControl object at 0x000002092255B250&gt;, locator='name:계산기 and type:WindowControl', name='계산기', automation_id='', control_type='WindowControl', class_name='ApplicationFrameWindow', left=636, right=972, top=-743, bottom=-202, width=336, height=541, xcenter=804, ycenter=-473)</msg>
<msg timestamp="20230612 19:31:02.336" level="INFO">Getting element with locator: WindowsElement(item=&lt;uiautomation.uiautomation.WindowControl object at 0x000002092255B250&gt;, locator='name:계산기 and type:WindowControl', name='계산기', automation_id='', control_type='WindowControl', class_name='ApplicationFrameWindow', left=636, right=972, top=-743, bottom=-202, width=336, height=541, xcenter=804, ycenter=-473)</msg>
<msg timestamp="20230612 19:31:02.336" level="INFO">Returning element: WindowsElement(item=&lt;uiautomation.uiautomation.WindowControl object at 0x000002092255B250&gt;, locator='name:계산기 and type:WindowControl', name='계산기', automation_id='', control_type='WindowControl', class_name='ApplicationFrameWindow', left=636, right=972, top=-743, bottom=-202, width=336, height=541, xcenter=804, ycenter=-473)</msg>
<msg timestamp="20230612 19:31:02.849" level="INFO">Closing window with name: 계산기 (PID: 17560)</msg>
<status status="PASS" starttime="20230612 19:31:02.150" endtime="20230612 19:31:02.850"/>
</kw>
<status status="PASS" starttime="20230612 19:30:53.662" endtime="20230612 19:31:02.850"/>
</test>
<status status="PASS" starttime="20230612 19:30:52.825" endtime="20230612 19:31:02.850"/>
</suite>
<status status="PASS" starttime="20230612 19:30:52.794" endtime="20230612 19:31:02.851"/>
</suite>
<statistics>
<total>
<stat pass="1" fail="0" skip="0">All Tasks</stat>
</total>
<tag>
</tag>
<suite>
<stat pass="1" fail="0" skip="0" id="s1" name="Day06Examplecalc">Day06Examplecalc</stat>
<stat pass="1" fail="0" skip="0" id="s1-s1" name="Id-Based">Day06Examplecalc.Id-Based</stat>
</suite>
</statistics>
<errors>
</errors>
</robot>
