<?xml version="1.0" encoding="UTF-8"?>
<robot generator="Robot 5.0.1 (Python 3.9.13 on win32)" generated="20230608 11:20:56.840" rpa="true" schemaversion="3">
<suite id="s1" name="Day03Market" source="C:\Users\강동여성인력개발센터\Documents\Robots\day03market">
<suite id="s1-s1" name="Tasks" source="C:\Users\강동여성인력개발센터\Documents\Robots\day03market\tasks.robot">
<test id="s1-s1-t1" name="Market_01" line="16">
<kw name="Open_web">
<kw name="Open Available Browser" library="RPA.Browser.Selenium">
<arg>headless=${FALSE}</arg>
<doc>Attempts to open a browser on the user's device from a set of
supported browsers. Automatically downloads a corresponding webdriver
if none is already installed.</doc>
<msg timestamp="20230608 11:20:57.921" level="INFO">Creating an instance of the Chrome WebDriver.</msg>
<msg timestamp="20230608 11:20:57.926" level="INFO">====== WebDriver manager ======</msg>
<msg timestamp="20230608 11:20:59.240" level="INFO">Creating an instance of the Chrome WebDriver.</msg>
<msg timestamp="20230608 11:21:00.448" level="INFO">Created Chrome browser with arguments: --disable-dev-shm-usage --disable-web-security --allow-running-insecure-content --no-sandbox</msg>
<msg timestamp="20230608 11:21:00.448" level="INFO" html="true">&lt;p&gt;Attempted combinations:&lt;/p&gt;&lt;div class="doc"&gt;&lt;table&gt;&lt;tr&gt;&lt;th&gt;Browser&lt;/th&gt;&lt;th&gt;Download&lt;/th&gt;&lt;th&gt;Error&lt;/th&gt;&lt;/tr&gt;&lt;tr&gt;&lt;td&gt;Chrome&lt;/td&gt;&lt;td&gt;False&lt;/td&gt;&lt;td&gt;Message: 'chromedriver' executable needs to be in PATH. Please see https://chromedriver.chromium.org/home
&lt;/td&gt;&lt;/tr&gt;&lt;tr&gt;&lt;td&gt;Chrome&lt;/td&gt;&lt;td&gt;True&lt;/td&gt;&lt;td&gt;&lt;/td&gt;&lt;/tr&gt;&lt;/table&gt;&lt;/div&gt;</msg>
<status status="PASS" starttime="20230608 11:20:57.920" endtime="20230608 11:21:00.448"/>
</kw>
<status status="PASS" starttime="20230608 11:20:57.920" endtime="20230608 11:21:00.448"/>
</kw>
<kw name="Go_gmarket">
<kw name="Go To" library="RPA.Browser.Selenium">
<arg>${list_url}[0]</arg>
<doc>Navigates the current browser window to the provided ``url``.</doc>
<msg timestamp="20230608 11:21:00.449" level="INFO">Opening url 'https://browse.gmarket.co.kr/search?keyword=icebox+50L'</msg>
<status status="PASS" starttime="20230608 11:21:00.449" endtime="20230608 11:21:03.302"/>
</kw>
<kw name="Get Text" library="RPA.Browser.Selenium">
<var>${text_price1}</var>
<arg>alias:Boxcomponentnthchild1boxpricesellertextvalue</arg>
<doc>Returns the text value of the element identified by ``locator``.</doc>
<msg timestamp="20230608 11:21:03.333" level="INFO">${text_price1} = 484,920</msg>
<status status="PASS" starttime="20230608 11:21:03.302" endtime="20230608 11:21:03.333"/>
</kw>
<kw name="Append To List" library="Collections">
<arg>@{list_price}</arg>
<arg>${text_price1}</arg>
<doc>Adds ``values`` to the end of ``list``.</doc>
<msg timestamp="20230608 11:21:03.334" level="FAIL">TypeError: Expected argument 1 to be a list or list-like, got string instead.</msg>
<status status="FAIL" starttime="20230608 11:21:03.333" endtime="20230608 11:21:03.334"/>
</kw>
<status status="FAIL" starttime="20230608 11:21:00.448" endtime="20230608 11:21:03.335"/>
</kw>
<kw name="Go_auction">
<status status="NOT RUN" starttime="20230608 11:21:03.335" endtime="20230608 11:21:03.335"/>
</kw>
<kw name="Go_11">
<status status="NOT RUN" starttime="20230608 11:21:03.335" endtime="20230608 11:21:03.335"/>
</kw>
<kw name="Min_price">
<status status="NOT RUN" starttime="20230608 11:21:03.335" endtime="20230608 11:21:03.336"/>
</kw>
<status status="FAIL" starttime="20230608 11:20:57.919" endtime="20230608 11:21:03.336">TypeError: Expected argument 1 to be a list or list-like, got string instead.</status>
</test>
<status status="FAIL" starttime="20230608 11:20:56.907" endtime="20230608 11:21:03.336"/>
</suite>
<status status="FAIL" starttime="20230608 11:20:56.873" endtime="20230608 11:21:03.337"/>
</suite>
<statistics>
<total>
<stat pass="0" fail="1" skip="0">All Tasks</stat>
</total>
<tag>
</tag>
<suite>
<stat pass="0" fail="1" skip="0" id="s1" name="Day03Market">Day03Market</stat>
<stat pass="0" fail="1" skip="0" id="s1-s1" name="Tasks">Day03Market.Tasks</stat>
</suite>
</statistics>
<errors>
</errors>
</robot>
